0 info it worked if it ends with ok
1 verbose cli [ 'E:\\nodeJS\\\\node.exe',
1 verbose cli   'E:\\nodeJS\\node_modules\\npm\\bin\\npm-cli.js',
1 verbose cli   'install' ]
2 info using npm@1.4.28
3 info using node@v0.10.35
4 verbose node symlink E:\nodeJS\\node.exe
5 verbose readDependencies using package.json deps
6 verbose install where, deps [ 'E:\\node_work_space',
6 verbose install   [ 'express',
6 verbose install     'ejs',
6 verbose install     'mogondb',
6 verbose install     'mongoose',
6 verbose install     'connect-mongo',
6 verbose install     'connect-flash' ] ]
7 info preinstall application-name@0.0.1
8 verbose readDependencies using package.json deps
9 verbose already installed skipping express@3.4.4 E:\node_work_space
10 verbose already installed skipping ejs@* E:\node_work_space
11 verbose cache add [ 'mogondb@*', null ]
12 verbose cache add name=undefined spec="mogondb@*" args=["mogondb@*",null]
13 verbose parsed url { protocol: null,
13 verbose parsed url   slashes: null,
13 verbose parsed url   auth: null,
13 verbose parsed url   host: null,
13 verbose parsed url   port: null,
13 verbose parsed url   hostname: null,
13 verbose parsed url   hash: null,
13 verbose parsed url   search: null,
13 verbose parsed url   query: null,
13 verbose parsed url   pathname: 'mogondb@*',
13 verbose parsed url   path: 'mogondb@*',
13 verbose parsed url   href: 'mogondb@*' }
14 verbose cache add [ 'mongoose@*', null ]
15 verbose cache add name=undefined spec="mongoose@*" args=["mongoose@*",null]
16 verbose parsed url { protocol: null,
16 verbose parsed url   slashes: null,
16 verbose parsed url   auth: null,
16 verbose parsed url   host: null,
16 verbose parsed url   port: null,
16 verbose parsed url   hostname: null,
16 verbose parsed url   hash: null,
16 verbose parsed url   search: null,
16 verbose parsed url   query: null,
16 verbose parsed url   pathname: 'mongoose@*',
16 verbose parsed url   path: 'mongoose@*',
16 verbose parsed url   href: 'mongoose@*' }
17 verbose cache add [ 'connect-mongo@*', null ]
18 verbose cache add name=undefined spec="connect-mongo@*" args=["connect-mongo@*",null]
19 verbose parsed url { protocol: null,
19 verbose parsed url   slashes: null,
19 verbose parsed url   auth: null,
19 verbose parsed url   host: null,
19 verbose parsed url   port: null,
19 verbose parsed url   hostname: null,
19 verbose parsed url   hash: null,
19 verbose parsed url   search: null,
19 verbose parsed url   query: null,
19 verbose parsed url   pathname: 'connect-mongo@*',
19 verbose parsed url   path: 'connect-mongo@*',
19 verbose parsed url   href: 'connect-mongo@*' }
20 verbose cache add [ 'connect-flash@*', null ]
21 verbose cache add name=undefined spec="connect-flash@*" args=["connect-flash@*",null]
22 verbose parsed url { protocol: null,
22 verbose parsed url   slashes: null,
22 verbose parsed url   auth: null,
22 verbose parsed url   host: null,
22 verbose parsed url   port: null,
22 verbose parsed url   hostname: null,
22 verbose parsed url   hash: null,
22 verbose parsed url   search: null,
22 verbose parsed url   query: null,
22 verbose parsed url   pathname: 'connect-flash@*',
22 verbose parsed url   path: 'connect-flash@*',
22 verbose parsed url   href: 'connect-flash@*' }
23 verbose cache add name="mogondb" spec="*" args=["mogondb","*"]
24 verbose parsed url { protocol: null,
24 verbose parsed url   slashes: null,
24 verbose parsed url   auth: null,
24 verbose parsed url   host: null,
24 verbose parsed url   port: null,
24 verbose parsed url   hostname: null,
24 verbose parsed url   hash: null,
24 verbose parsed url   search: null,
24 verbose parsed url   query: null,
24 verbose parsed url   pathname: '*',
24 verbose parsed url   path: '*',
24 verbose parsed url   href: '*' }
25 verbose addNamed [ 'mogondb', '*' ]
26 verbose addNamed [ null, '*' ]
27 verbose cache add name="mongoose" spec="*" args=["mongoose","*"]
28 verbose parsed url { protocol: null,
28 verbose parsed url   slashes: null,
28 verbose parsed url   auth: null,
28 verbose parsed url   host: null,
28 verbose parsed url   port: null,
28 verbose parsed url   hostname: null,
28 verbose parsed url   hash: null,
28 verbose parsed url   search: null,
28 verbose parsed url   query: null,
28 verbose parsed url   pathname: '*',
28 verbose parsed url   path: '*',
28 verbose parsed url   href: '*' }
29 verbose addNamed [ 'mongoose', '*' ]
30 verbose addNamed [ null, '*' ]
31 verbose cache add name="connect-mongo" spec="*" args=["connect-mongo","*"]
32 verbose parsed url { protocol: null,
32 verbose parsed url   slashes: null,
32 verbose parsed url   auth: null,
32 verbose parsed url   host: null,
32 verbose parsed url   port: null,
32 verbose parsed url   hostname: null,
32 verbose parsed url   hash: null,
32 verbose parsed url   search: null,
32 verbose parsed url   query: null,
32 verbose parsed url   pathname: '*',
32 verbose parsed url   path: '*',
32 verbose parsed url   href: '*' }
33 verbose addNamed [ 'connect-mongo', '*' ]
34 verbose addNamed [ null, '*' ]
35 verbose cache add name="connect-flash" spec="*" args=["connect-flash","*"]
36 verbose parsed url { protocol: null,
36 verbose parsed url   slashes: null,
36 verbose parsed url   auth: null,
36 verbose parsed url   host: null,
36 verbose parsed url   port: null,
36 verbose parsed url   hostname: null,
36 verbose parsed url   hash: null,
36 verbose parsed url   search: null,
36 verbose parsed url   query: null,
36 verbose parsed url   pathname: '*',
36 verbose parsed url   path: '*',
36 verbose parsed url   href: '*' }
37 verbose addNamed [ 'connect-flash', '*' ]
38 verbose addNamed [ null, '*' ]
39 silly lockFile bdead26b-mogondb mogondb@*
40 verbose lock mogondb@* C:\Users\Administrator\AppData\Roaming\npm-cache\bdead26b-mogondb.lock
41 silly lockFile e0858070-mongoose mongoose@*
42 verbose lock mongoose@* C:\Users\Administrator\AppData\Roaming\npm-cache\e0858070-mongoose.lock
43 silly lockFile fb805f9d-connect-mongo connect-mongo@*
44 verbose lock connect-mongo@* C:\Users\Administrator\AppData\Roaming\npm-cache\fb805f9d-connect-mongo.lock
45 silly lockFile 6353b055-connect-flash connect-flash@*
46 verbose lock connect-flash@* C:\Users\Administrator\AppData\Roaming\npm-cache\6353b055-connect-flash.lock
47 silly addNameRange { name: 'mongoose', range: '*', hasData: false }
48 silly addNameRange { name: 'connect-mongo', range: '*', hasData: false }
49 silly addNameRange { name: 'connect-flash', range: '*', hasData: false }
50 silly addNameRange { name: 'mogondb', range: '*', hasData: false }
51 verbose request where is /connect-flash
52 verbose request registry https://registry.npmjs.org/
53 verbose request id 0d2146c5f23747c2
54 verbose url raw /connect-flash
55 verbose url resolving [ 'https://registry.npmjs.org/', './connect-flash' ]
56 verbose url resolved https://registry.npmjs.org/connect-flash
57 verbose request where is https://registry.npmjs.org/connect-flash
58 info trying registry request attempt 1 at 22:17:05
59 http GET https://registry.npmjs.org/connect-flash
60 verbose request where is /mogondb
61 verbose request registry https://registry.npmjs.org/
62 verbose url raw /mogondb
63 verbose url resolving [ 'https://registry.npmjs.org/', './mogondb' ]
64 verbose url resolved https://registry.npmjs.org/mogondb
65 verbose request where is https://registry.npmjs.org/mogondb
66 info trying registry request attempt 1 at 22:17:05
67 http GET https://registry.npmjs.org/mogondb
68 verbose request where is /connect-mongo
69 verbose request registry https://registry.npmjs.org/
70 verbose url raw /connect-mongo
71 verbose url resolving [ 'https://registry.npmjs.org/', './connect-mongo' ]
72 verbose url resolved https://registry.npmjs.org/connect-mongo
73 verbose request where is https://registry.npmjs.org/connect-mongo
74 info trying registry request attempt 1 at 22:17:05
75 verbose etag "ABB19X0PICUFJCKHKG8VL60ZZ"
76 http GET https://registry.npmjs.org/connect-mongo
77 verbose request where is /mongoose
78 verbose request registry https://registry.npmjs.org/
79 verbose url raw /mongoose
80 verbose url resolving [ 'https://registry.npmjs.org/', './mongoose' ]
81 verbose url resolved https://registry.npmjs.org/mongoose
82 verbose request where is https://registry.npmjs.org/mongoose
83 info trying registry request attempt 1 at 22:17:05
84 verbose etag "4HRCKSFKOJZGAV4UC4XS0FT1Q"
85 http GET https://registry.npmjs.org/mongoose
86 http 304 https://registry.npmjs.org/connect-mongo
87 silly registry.get cb [ 304,
87 silly registry.get   { date: 'Sat, 24 Jan 2015 14:14:26 GMT',
87 silly registry.get     server: 'Apache',
87 silly registry.get     via: '1.1 varnish',
87 silly registry.get     'last-modified': 'Sat, 24 Jan 2015 14:14:26 GMT',
87 silly registry.get     'cache-control': 'max-age=60',
87 silly registry.get     etag: '"ABB19X0PICUFJCKHKG8VL60ZZ"',
87 silly registry.get     age: '0',
87 silly registry.get     'x-served-by': 'cache-hk90-HKG',
87 silly registry.get     'x-cache': 'HIT',
87 silly registry.get     'x-cache-hits': '1',
87 silly registry.get     'x-timer': 'S1422108866.053901,VS0,VE175',
87 silly registry.get     vary: 'Accept',
87 silly registry.get     'content-length': '0',
87 silly registry.get     'keep-alive': 'timeout=10, max=50',
87 silly registry.get     connection: 'Keep-Alive' } ]
88 verbose etag https://registry.npmjs.org/connect-mongo from cache
89 http 304 https://registry.npmjs.org/mongoose
90 silly registry.get cb [ 304,
90 silly registry.get   { date: 'Sat, 24 Jan 2015 14:14:26 GMT',
90 silly registry.get     server: 'Apache',
90 silly registry.get     via: '1.1 varnish',
90 silly registry.get     'last-modified': 'Sat, 24 Jan 2015 14:14:26 GMT',
90 silly registry.get     'cache-control': 'max-age=60',
90 silly registry.get     etag: '"4HRCKSFKOJZGAV4UC4XS0FT1Q"',
90 silly registry.get     age: '0',
90 silly registry.get     'x-served-by': 'cache-hk93-HKG',
90 silly registry.get     'x-cache': 'HIT',
90 silly registry.get     'x-cache-hits': '1',
90 silly registry.get     'x-timer': 'S1422108866.020750,VS0,VE230',
90 silly registry.get     vary: 'Accept',
90 silly registry.get     'content-length': '0',
90 silly registry.get     'keep-alive': 'timeout=10, max=50',
90 silly registry.get     connection: 'Keep-Alive' } ]
91 verbose etag https://registry.npmjs.org/mongoose from cache
92 silly addNameRange number 2 { name: 'mongoose', range: '*', hasData: true }
93 silly addNameRange versions [ 'mongoose',
93 silly addNameRange   [ '0.0.1',
93 silly addNameRange     '0.0.2',
93 silly addNameRange     '0.0.3',
93 silly addNameRange     '0.0.4',
93 silly addNameRange     '0.0.5',
93 silly addNameRange     '1.0.0',
93 silly addNameRange     '1.0.1',
93 silly addNameRange     '1.0.2',
93 silly addNameRange     '0.0.6',
93 silly addNameRange     '1.0.3',
93 silly addNameRange     '1.0.4',
93 silly addNameRange     '1.0.5',
93 silly addNameRange     '1.0.6',
93 silly addNameRange     '1.0.7',
93 silly addNameRange     '1.0.8',
93 silly addNameRange     '1.0.10',
93 silly addNameRange     '1.0.11',
93 silly addNameRange     '1.0.12',
93 silly addNameRange     '1.0.13',
93 silly addNameRange     '1.0.14',
93 silly addNameRange     '1.0.15',
93 silly addNameRange     '1.0.16',
93 silly addNameRange     '1.1.0',
93 silly addNameRange     '1.1.1',
93 silly addNameRange     '1.1.2',
93 silly addNameRange     '1.1.3',
93 silly addNameRange     '1.1.4',
93 silly addNameRange     '1.1.5',
93 silly addNameRange     '1.1.6',
93 silly addNameRange     '1.1.7',
93 silly addNameRange     '1.1.8',
93 silly addNameRange     '1.1.9',
93 silly addNameRange     '1.1.10',
93 silly addNameRange     '1.1.11',
93 silly addNameRange     '1.1.12',
93 silly addNameRange     '1.1.13',
93 silly addNameRange     '1.1.14',
93 silly addNameRange     '1.1.15',
93 silly addNameRange     '1.1.16',
93 silly addNameRange     '1.1.17',
93 silly addNameRange     '1.1.18',
93 silly addNameRange     '1.1.19',
93 silly addNameRange     '1.1.20',
93 silly addNameRange     '1.1.21',
93 silly addNameRange     '1.1.22',
93 silly addNameRange     '1.1.23',
93 silly addNameRange     '1.1.24',
93 silly addNameRange     '1.1.25',
93 silly addNameRange     '1.2.0',
93 silly addNameRange     '1.3.0',
93 silly addNameRange     '1.3.1',
93 silly addNameRange     '1.3.2',
93 silly addNameRange     '1.3.3',
93 silly addNameRange     '1.3.4',
93 silly addNameRange     '1.3.5',
93 silly addNameRange     '1.3.6',
93 silly addNameRange     '1.3.7',
93 silly addNameRange     '1.4.0',
93 silly addNameRange     '1.5.0',
93 silly addNameRange     '1.6.0',
93 silly addNameRange     '1.7.2',
93 silly addNameRange     '1.7.3',
93 silly addNameRange     '1.7.4',
93 silly addNameRange     '1.8.0',
93 silly addNameRange     '1.8.1',
93 silly addNameRange     '1.8.2',
93 silly addNameRange     '1.8.3',
93 silly addNameRange     '1.8.4',
93 silly addNameRange     '2.0.0',
93 silly addNameRange     '2.0.1',
93 silly addNameRange     '2.0.2',
93 silly addNameRange     '2.0.3',
93 silly addNameRange     '2.0.4',
93 silly addNameRange     '2.1.0',
93 silly addNameRange     '2.1.1',
93 silly addNameRange     '2.1.2',
93 silly addNameRange     '2.1.3',
93 silly addNameRange     '2.1.4',
93 silly addNameRange     '2.2.0',
93 silly addNameRange     '2.2.1',
93 silly addNameRange     '2.2.2',
93 silly addNameRange     '2.2.3',
93 silly addNameRange     '2.2.4',
93 silly addNameRange     '2.3.0',
93 silly addNameRange     '2.3.1',
93 silly addNameRange     '2.3.2',
93 silly addNameRange     '2.3.3',
93 silly addNameRange     '2.3.4',
93 silly addNameRange     '2.3.5',
93 silly addNameRange     '2.3.6',
93 silly addNameRange     '2.3.7',
93 silly addNameRange     '2.3.8',
93 silly addNameRange     '2.3.9',
93 silly addNameRange     '2.3.10',
93 silly addNameRange     '2.3.11',
93 silly addNameRange     '2.3.12',
93 silly addNameRange     '2.3.13',
93 silly addNameRange     '2.4.0',
93 silly addNameRange     '2.4.1',
93 silly addNameRange     '2.4.2',
93 silly addNameRange     '2.4.3',
93 silly addNameRange     '2.4.4',
93 silly addNameRange     '2.4.5',
93 silly addNameRange     '2.4.6',
93 silly addNameRange     '2.4.7',
93 silly addNameRange     '2.4.8',
93 silly addNameRange     '2.4.9',
93 silly addNameRange     '2.4.10',
93 silly addNameRange     '2.5.0',
93 silly addNameRange     '2.5.1',
93 silly addNameRange     '2.5.2',
93 silly addNameRange     '2.5.3',
93 silly addNameRange     '2.5.4',
93 silly addNameRange     '2.5.5',
93 silly addNameRange     '2.5.6',
93 silly addNameRange     '2.5.7',
93 silly addNameRange     '2.5.8',
93 silly addNameRange     '2.5.9',
93 silly addNameRange     '2.5.10',
93 silly addNameRange     '2.5.11',
93 silly addNameRange     '2.5.12',
93 silly addNameRange     '2.5.13',
93 silly addNameRange     '2.5.14',
93 silly addNameRange     '2.6.0',
93 silly addNameRange     '2.6.1',
93 silly addNameRange     '2.6.2',
93 silly addNameRange     '2.6.3',
93 silly addNameRange     '2.6.4',
93 silly addNameRange     '2.6.5',
93 silly addNameRange     '2.6.6',
93 silly addNameRange     '2.6.7',
93 silly addNameRange     '2.6.8',
93 silly addNameRange     '2.7.0',
93 silly addNameRange     '2.7.1',
93 silly addNameRange     '2.7.2',
93 silly addNameRange     '2.7.4',
93 silly addNameRange     '2.7.3',
93 silly addNameRange     '3.0.0',
93 silly addNameRange     '3.0.1',
93 silly addNameRange     '3.0.2',
93 silly addNameRange     '2.8.0',
93 silly addNameRange     '3.0.3',
93 silly addNameRange     '3.1.0',
93 silly addNameRange     '2.8.1',
93 silly addNameRange     '3.1.1',
93 silly addNameRange     '2.8.2',
93 silly addNameRange     '2.8.3',
93 silly addNameRange     '2.9.0',
93 silly addNameRange     '3.2.0',
93 silly addNameRange     '2.9.1',
93 silly addNameRange     '3.2.1',
93 silly addNameRange     '2.9.2',
93 silly addNameRange     '3.2.2',
93 silly addNameRange     '3.3.0',
93 silly addNameRange     '3.3.1',
93 silly addNameRange     '2.9.3',
93 silly addNameRange     '3.4.0',
93 silly addNameRange     '2.9.4',
93 silly addNameRange     '2.9.5',
93 silly addNameRange     '3.5.0',
93 silly addNameRange     '3.5.1',
93 silly addNameRange     '3.5.2',
93 silly addNameRange     '3.5.3',
93 silly addNameRange     '2.9.6',
93 silly addNameRange     '2.9.7',
93 silly addNameRange     '3.5.4',
93 silly addNameRange     '3.5.5',
93 silly addNameRange     '2.9.8',
93 silly addNameRange     '2.9.9',
93 silly addNameRange     '3.5.6',
93 silly addNameRange     '3.5.7',
93 silly addNameRange     '3.5.8',
93 silly addNameRange     '2.9.10',
93 silly addNameRange     '3.5.9',
93 silly addNameRange     '3.6.2',
93 silly addNameRange     '3.5.10',
93 silly addNameRange     '3.6.3',
93 silly addNameRange     '3.5.11',
93 silly addNameRange     '3.6.4',
93 silly addNameRange     '3.6.5',
93 silly addNameRange     '3.6.6',
93 silly addNameRange     '3.6.7',
93 silly addNameRange     '3.5.12',
93 silly addNameRange     '3.6.8',
93 silly addNameRange     '3.6.9',
93 silly addNameRange     '3.6.10',
93 silly addNameRange     '3.5.13',
93 silly addNameRange     '3.5.14',
93 silly addNameRange     '3.6.11',
93 silly addNameRange     '3.6.12',
93 silly addNameRange     '3.6.13',
93 silly addNameRange     '3.6.14',
93 silly addNameRange     '3.6.15',
93 silly addNameRange     '3.5.15',
93 silly addNameRange     '3.7.0',
93 silly addNameRange     '3.6.16',
93 silly addNameRange     '3.5.16',
93 silly addNameRange     '3.6.17',
93 silly addNameRange     '3.7.2',
93 silly addNameRange     '3.0.0-alpha1',
93 silly addNameRange     '3.0.0-alpha2',
93 silly addNameRange     '3.0.0-rc0',
93 silly addNameRange     '3.6.0-rc0',
93 silly addNameRange     '3.6.0-rc1',
93 silly addNameRange     '3.6.18',
93 silly addNameRange     '3.7.3',
93 silly addNameRange     '3.6.19',
93 silly addNameRange     '3.6.20',
93 silly addNameRange     '3.7.4',
93 silly addNameRange     '3.8.0',
93 silly addNameRange     '3.8.1',
93 silly addNameRange     '3.8.2',
93 silly addNameRange     '3.8.3',
93 silly addNameRange     '3.8.4',
93 silly addNameRange     '3.8.5',
93 silly addNameRange     '3.8.6',
93 silly addNameRange     '3.8.7',
93 silly addNameRange     '3.8.8',
93 silly addNameRange     '3.8.9',
93 silly addNameRange     '3.8.10',
93 silly addNameRange     '3.8.11',
93 silly addNameRange     '3.9.0',
93 silly addNameRange     '3.8.12',
93 silly addNameRange     '3.8.13',
93 silly addNameRange     '3.8.14',
93 silly addNameRange     '3.8.15',
93 silly addNameRange     '3.9.1',
93 silly addNameRange     '3.8.16',
93 silly addNameRange     '3.9.2',
93 silly addNameRange     '3.8.17',
93 silly addNameRange     '3.9.3',
93 silly addNameRange     '3.8.18',
93 silly addNameRange     '3.9.4',
93 silly addNameRange     '3.8.19',
93 silly addNameRange     '3.9.5',
93 silly addNameRange     '3.8.20',
93 silly addNameRange     '3.9.6',
93 silly addNameRange     '3.8.21',
93 silly addNameRange     '3.9.7' ] ]
94 verbose addNamed [ 'mongoose', '3.8.21' ]
95 verbose addNamed [ '3.8.21', '3.8.21' ]
96 silly lockFile e1560adf-mongoose-3-8-21 mongoose@3.8.21
97 verbose lock mongoose@3.8.21 C:\Users\Administrator\AppData\Roaming\npm-cache\e1560adf-mongoose-3-8-21.lock
98 silly addNameRange number 2 { name: 'connect-mongo', range: '*', hasData: true }
99 silly addNameRange versions [ 'connect-mongo',
99 silly addNameRange   [ '0.1.0',
99 silly addNameRange     '0.1.1',
99 silly addNameRange     '0.1.2',
99 silly addNameRange     '0.1.3',
99 silly addNameRange     '0.1.4',
99 silly addNameRange     '0.1.5',
99 silly addNameRange     '0.1.6',
99 silly addNameRange     '0.1.7',
99 silly addNameRange     '0.1.8',
99 silly addNameRange     '0.1.9',
99 silly addNameRange     '0.2.0',
99 silly addNameRange     '0.3.0',
99 silly addNameRange     '0.3.1',
99 silly addNameRange     '0.3.2',
99 silly addNameRange     '0.3.3',
99 silly addNameRange     '0.4.0',
99 silly addNameRange     '0.4.1',
99 silly addNameRange     '0.4.2',
99 silly addNameRange     '0.5.0',
99 silly addNameRange     '0.5.1',
99 silly addNameRange     '0.5.2',
99 silly addNameRange     '0.5.3',
99 silly addNameRange     '0.6.0',
99 silly addNameRange     '0.7.0' ] ]
100 verbose addNamed [ 'connect-mongo', '0.7.0' ]
101 verbose addNamed [ '0.7.0', '0.7.0' ]
102 silly lockFile 677a1d4d-connect-mongo-0-7-0 connect-mongo@0.7.0
103 verbose lock connect-mongo@0.7.0 C:\Users\Administrator\AppData\Roaming\npm-cache\677a1d4d-connect-mongo-0-7-0.lock
104 silly lockFile e1560adf-mongoose-3-8-21 mongoose@3.8.21
105 silly lockFile e1560adf-mongoose-3-8-21 mongoose@3.8.21
106 silly lockFile e0858070-mongoose mongoose@*
107 silly lockFile e0858070-mongoose mongoose@*
108 silly lockFile 677a1d4d-connect-mongo-0-7-0 connect-mongo@0.7.0
109 silly lockFile 677a1d4d-connect-mongo-0-7-0 connect-mongo@0.7.0
110 silly lockFile fb805f9d-connect-mongo connect-mongo@*
111 silly lockFile fb805f9d-connect-mongo connect-mongo@*
112 http 404 https://registry.npmjs.org/mogondb
113 verbose headers { date: 'Sat, 24 Jan 2015 14:14:26 GMT',
113 verbose headers   server: 'CouchDB/1.5.0 (Erlang OTP/R16B03)',
113 verbose headers   'content-type': 'application/json',
113 verbose headers   'cache-control': 'max-age=0',
113 verbose headers   'content-length': '52',
113 verbose headers   'accept-ranges': 'bytes',
113 verbose headers   via: '1.1 varnish',
113 verbose headers   age: '0',
113 verbose headers   'x-served-by': 'cache-hk92-HKG',
113 verbose headers   'x-cache': 'MISS',
113 verbose headers   'x-cache-hits': '0',
113 verbose headers   'x-timer': 'S1422108865.981860,VS0,VE745',
113 verbose headers   'keep-alive': 'timeout=10, max=50',
113 verbose headers   connection: 'Keep-Alive' }
114 silly registry.get cb [ 404,
114 silly registry.get   { date: 'Sat, 24 Jan 2015 14:14:26 GMT',
114 silly registry.get     server: 'CouchDB/1.5.0 (Erlang OTP/R16B03)',
114 silly registry.get     'content-type': 'application/json',
114 silly registry.get     'cache-control': 'max-age=0',
114 silly registry.get     'content-length': '52',
114 silly registry.get     'accept-ranges': 'bytes',
114 silly registry.get     via: '1.1 varnish',
114 silly registry.get     age: '0',
114 silly registry.get     'x-served-by': 'cache-hk92-HKG',
114 silly registry.get     'x-cache': 'MISS',
114 silly registry.get     'x-cache-hits': '0',
114 silly registry.get     'x-timer': 'S1422108865.981860,VS0,VE745',
114 silly registry.get     'keep-alive': 'timeout=10, max=50',
114 silly registry.get     connection: 'Keep-Alive' } ]
115 silly lockFile bdead26b-mogondb mogondb@*
116 silly lockFile bdead26b-mogondb mogondb@*
117 http 200 https://registry.npmjs.org/connect-flash
118 silly registry.get cb [ 200,
118 silly registry.get   { date: 'Sat, 24 Jan 2015 14:14:26 GMT',
118 silly registry.get     server: 'CouchDB/1.5.0 (Erlang OTP/R16B03)',
118 silly registry.get     etag: '"EXBXD6CBLYHDLGL830UND8GAI"',
118 silly registry.get     'content-type': 'application/json',
118 silly registry.get     'cache-control': 'max-age=60',
118 silly registry.get     'content-length': '5858',
118 silly registry.get     'accept-ranges': 'bytes',
118 silly registry.get     via: '1.1 varnish',
118 silly registry.get     age: '0',
118 silly registry.get     'x-served-by': 'cache-hk90-HKG',
118 silly registry.get     'x-cache': 'HIT',
118 silly registry.get     'x-cache-hits': '1',
118 silly registry.get     'x-timer': 'S1422108866.701789,VS0,VE168',
118 silly registry.get     vary: 'Accept',
118 silly registry.get     'keep-alive': 'timeout=10, max=50',
118 silly registry.get     connection: 'Keep-Alive' } ]
119 silly addNameRange number 2 { name: 'connect-flash', range: '*', hasData: true }
120 silly addNameRange versions [ 'connect-flash', [ '0.1.0', '0.1.1' ] ]
121 verbose addNamed [ 'connect-flash', '0.1.1' ]
122 verbose addNamed [ '0.1.1', '0.1.1' ]
123 silly lockFile 0cdf4f98-connect-flash-0-1-1 connect-flash@0.1.1
124 verbose lock connect-flash@0.1.1 C:\Users\Administrator\AppData\Roaming\npm-cache\0cdf4f98-connect-flash-0-1-1.lock
125 silly lockFile e33d4ca4-ct-flash-connect-flash-0-1-1-tgz https://registry.npmjs.org/connect-flash/-/connect-flash-0.1.1.tgz
126 verbose lock https://registry.npmjs.org/connect-flash/-/connect-flash-0.1.1.tgz C:\Users\Administrator\AppData\Roaming\npm-cache\e33d4ca4-ct-flash-connect-flash-0-1-1-tgz.lock
127 verbose addRemoteTarball [ 'https://registry.npmjs.org/connect-flash/-/connect-flash-0.1.1.tgz',
127 verbose addRemoteTarball   'd8630f26d95a7f851f9956b1e8cc6732f3b6aa30' ]
128 info retry fetch attempt 1 at 22:17:06
129 verbose fetch to= C:\Users\ADMINI~1\AppData\Local\Temp\npm-8468-V35llYmM\registry.npmjs.org\connect-flash\-\connect-flash-0.1.1.tgz
130 http GET https://registry.npmjs.org/connect-flash/-/connect-flash-0.1.1.tgz
131 http 200 https://registry.npmjs.org/connect-flash/-/connect-flash-0.1.1.tgz
132 silly lockFile e33d4ca4-ct-flash-connect-flash-0-1-1-tgz https://registry.npmjs.org/connect-flash/-/connect-flash-0.1.1.tgz
133 silly lockFile e33d4ca4-ct-flash-connect-flash-0-1-1-tgz https://registry.npmjs.org/connect-flash/-/connect-flash-0.1.1.tgz
134 silly lockFile 0cdf4f98-connect-flash-0-1-1 connect-flash@0.1.1
135 silly lockFile 0cdf4f98-connect-flash-0-1-1 connect-flash@0.1.1
136 silly lockFile 6353b055-connect-flash connect-flash@*
137 silly lockFile 6353b055-connect-flash connect-flash@*
138 error 404 404 Not Found: mogondb
138 error 404
138 error 404 'mogondb' is not in the npm registry.
138 error 404 You should bug the author to publish it
138 error 404 It was specified as a dependency of 'application-name'
138 error 404
138 error 404 Note that you can also install from a
138 error 404 tarball, folder, or http url, or git url.
139 error System Windows_NT 6.1.7601
140 error command "E:\\nodeJS\\\\node.exe" "E:\\nodeJS\\node_modules\\npm\\bin\\npm-cli.js" "install"
141 error cwd E:\node_work_space
142 error node -v v0.10.35
143 error npm -v 1.4.28
144 error code E404
145 verbose exit [ 1, true ]
